2017-12-13 01:48:26.086834
Total : 60
Valid Usernames : 54
sepand22bot
sepand22_bot
sepand2sepandbot
sepand2sepand_bot
sepand2_bot
sepand2_2bot
sepand2_2_bot
sepand2_sepandbot
sepand2_sepand_bot
sepand2_bot
sepandsepand2bot
sepandsepand2_bot
sepandsepandsepandbot
sepandsepandsepand_bot
sepandsepandbot
sepandsepand_bot
sepandsepand_2bot
sepandsepand_2_bot
sepandsepand_sepandbot
sepandsepand_sepand_bot
sepandsepand_bot
sepand2_bot
sepandsepandbot
sepandsepand_bot
sepand_2bot
sepand_2_bot
sepand_sepandbot
sepand_sepand_bot
sepand_22bot
sepand_22_bot
sepand_2sepandbot
sepand_2sepand_bot
sepand_2bot
sepand_2_bot
sepand_2_2bot
sepand_2_2_bot
sepand_2_sepandbot
sepand_2_sepand_bot
sepand_2_bot
sepand_sepand2bot
sepand_sepand2_bot
sepand_sepandsepandbot
sepand_sepandsepand_bot
sepand_sepandbot
sepand_sepand_bot
sepand_sepand_2bot
sepand_sepand_2_bot
sepand_sepand_sepandbot
sepand_sepand_sepand_bot
sepand_sepand_bot
sepand_2bot
sepand_2_bot
sepand_sepandbot
sepand_sepand_bot